app/build/intermediates/manifest_merge_blame_file/debug/manifest-merger-blame-debug-report.txt
1<?xml version="1.0" encoding="utf-8"?>
2<manifest xmlns:android="http://schemas.android.com/apk/res/android"
3    package="at.fhooe.mc.datadora"
4    android:versionCode="1"
5    android:versionName="1.0" >
6
7    <uses-sdk
8        android:minSdkVersion="23"
8-->src\main\AndroidManifest.xml
9        android:targetSdkVersion="30" />
9-->src\main\AndroidManifest.xml
10
11    <application
11-->src\main\AndroidManifest.xml:5:5-40:19
12        android:appComponentFactory="androidx.core.app.CoreComponentFactory"
12-->[androidx.core:core:1.3.0] AndroidManifest.xml:24:18-86
13        android:debuggable="true"
14        android:extractNativeLibs="false"
15        android:icon="@mipmap/ic_launcher"
15-->src\main\AndroidManifest.xml:6:9-43
16        android:label="@string/app_name"
16-->src\main\AndroidManifest.xml:7:9-41
17        android:roundIcon="@mipmap/ic_launcher_round"
17-->src\main\AndroidManifest.xml:8:9-54
18        android:supportsRtl="true"
18-->src\main\AndroidManifest.xml:9:9-35
19        android:testOnly="true"
20        android:theme="@style/AppTheme" >
20-->src\main\AndroidManifest.xml:10:9-40
21        <activity
21-->src\main\AndroidManifest.xml:11:9-14:58
22            android:name="at.fhooe.mc.datadora.AboutActivity"
22-->src\main\AndroidManifest.xml:12:13-42
23            android:screenOrientation="portrait"
23-->src\main\AndroidManifest.xml:13:13-49
24            android:windowSoftInputMode="adjustResize" />
24-->src\main\AndroidManifest.xml:14:13-55
25        <activity
25-->src\main\AndroidManifest.xml:15:9-18:58
26            android:name="at.fhooe.mc.datadora.LinkedList.LinkedListActivity"
26-->src\main\AndroidManifest.xml:16:13-58
27            android:screenOrientation="portrait"
27-->src\main\AndroidManifest.xml:17:13-49
28            android:windowSoftInputMode="adjustResize" />
28-->src\main\AndroidManifest.xml:18:13-55
29        <activity
29-->src\main\AndroidManifest.xml:19:9-22:58
30            android:name="at.fhooe.mc.datadora.Queue.QueueActivity"
30-->src\main\AndroidManifest.xml:20:13-48
31            android:screenOrientation="portrait"
31-->src\main\AndroidManifest.xml:21:13-49
32            android:windowSoftInputMode="adjustResize" />
32-->src\main\AndroidManifest.xml:22:13-55
33        <activity
33-->src\main\AndroidManifest.xml:23:9-25:58
34            android:name="at.fhooe.mc.datadora.BinarySearchTree.BinarySearchTreeActivity"
34-->src\main\AndroidManifest.xml:24:13-70
35            android:windowSoftInputMode="adjustResize" />
35-->src\main\AndroidManifest.xml:25:13-55
36        <activity
36-->src\main\AndroidManifest.xml:26:9-29:58
37            android:name="at.fhooe.mc.datadora.Stack.StackActivity"
37-->src\main\AndroidManifest.xml:27:13-48
38            android:screenOrientation="portrait"
38-->src\main\AndroidManifest.xml:28:13-49
39            android:windowSoftInputMode="adjustResize" />
39-->src\main\AndroidManifest.xml:29:13-55
40        <activity
40-->src\main\AndroidManifest.xml:30:9-39:20
41            android:name="at.fhooe.mc.datadora.MainActivity"
41-->src\main\AndroidManifest.xml:31:13-41
42            android:screenOrientation="portrait"
42-->src\main\AndroidManifest.xml:32:13-49
43            android:windowSoftInputMode="adjustResize" >
43-->src\main\AndroidManifest.xml:33:13-55
44            <intent-filter>
44-->src\main\AndroidManifest.xml:34:13-38:29
45                <action android:name="android.intent.action.MAIN" />
45-->src\main\AndroidManifest.xml:35:17-69
45-->src\main\AndroidManifest.xml:35:25-66
46
47                <category android:name="android.intent.category.LAUNCHER" />
47-->src\main\AndroidManifest.xml:37:17-77
47-->src\main\AndroidManifest.xml:37:27-74
48            </intent-filter>
49        </activity>
50    </application>
51
52</manifest>